<?xml version="1.0" encoding="UTF-8"?>
<coverage generated="1695323560190" clover="3.2.0">
  <project timestamp="1695323560190" name="All files">
    <metrics statements="43" coveredstatements="30" conditionals="15" coveredconditionals="11" methods="20" coveredmethods="12" elements="78" coveredelements="53" complexity="0" loc="43" ncloc="43" packages="3" files="3" classes="3"/>
    <package name="components.todoCard">
      <metrics statements="12" coveredstatements="8" conditionals="15" coveredconditionals="11" methods="7" coveredmethods="3"/>
      <file name="index.tsx" path="/home/in01-ntb-103/Todo/frontend/todo/src/components/todoCard/index.tsx">
        <metrics statements="12" coveredstatements="8" conditionals="15" coveredconditionals="11" methods="7" coveredmethods="3"/>
        <line num="1" count="1" type="stmt"/>
        <line num="2" count="1" type="stmt"/>
        <line num="6" count="10" type="stmt"/>
        <line num="24" count="1" type="stmt"/>
        <line num="26" count="10" type="stmt"/>
        <line num="27" count="10" type="stmt"/>
        <line num="29" count="10" type="stmt"/>
        <line num="33" count="1" type="stmt"/>
        <line num="44" count="0" type="stmt"/>
        <line num="53" count="0" type="cond" truecount="0" falsecount="3"/>
        <line num="57" count="0" type="stmt"/>
        <line num="65" count="0" type="stmt"/>
      </file>
    </package>
    <package name="dummydata">
      <metrics statements="1" coveredstatements="1" conditionals="0" coveredconditionals="0" methods="0" coveredmethods="0"/>
      <file name="index.ts" path="/home/in01-ntb-103/Todo/frontend/todo/src/dummydata/index.ts">
        <metrics statements="1" coveredstatements="1" conditionals="0" coveredconditionals="0" methods="0" coveredmethods="0"/>
        <line num="3" count="1" type="stmt"/>
      </file>
    </package>
    <package name="pages.todo">
      <metrics statements="30" coveredstatements="21" conditionals="0" coveredconditionals="0" methods="13" coveredmethods="9"/>
      <file name="index.tsx" path="/home/in01-ntb-103/Todo/frontend/todo/src/pages/todo/index.tsx">
        <metrics statements="30" coveredstatements="21" conditionals="0" coveredconditionals="0" methods="13" coveredmethods="9"/>
        <line num="1" count="1" type="stmt"/>
        <line num="2" count="1" type="stmt"/>
        <line num="3" count="1" type="stmt"/>
        <line num="4" count="1" type="stmt"/>
        <line num="7" count="4" type="stmt"/>
        <line num="13" count="4" type="stmt"/>
        <line num="19" count="1" type="stmt"/>
        <line num="21" count="2" type="stmt"/>
        <line num="22" count="2" type="stmt"/>
        <line num="24" count="2" type="stmt"/>
        <line num="25" count="1" type="stmt"/>
        <line num="26" count="1" type="stmt"/>
        <line num="27" count="1" type="stmt"/>
        <line num="28" count="1" type="stmt"/>
        <line num="31" count="2" type="stmt"/>
        <line num="32" count="0" type="stmt"/>
        <line num="33" count="0" type="stmt"/>
        <line num="34" count="0" type="stmt"/>
        <line num="37" count="2" type="stmt"/>
        <line num="38" count="0" type="stmt"/>
        <line num="39" count="0" type="stmt"/>
        <line num="40" count="0" type="stmt"/>
        <line num="41" count="0" type="stmt"/>
        <line num="42" count="0" type="stmt"/>
        <line num="43" count="0" type="stmt"/>
        <line num="46" count="2" type="stmt"/>
        <line num="54" count="10" type="stmt"/>
        <line num="55" count="5" type="stmt"/>
        <line num="68" count="10" type="stmt"/>
        <line num="69" count="5" type="stmt"/>
      </file>
    </package>
  </project>
</coverage>
