{"/home/in01-ntb-103/Todo/frontend/todo/src/components/todoCard/index.tsx": {"path":"/home/in01-ntb-103/Todo/frontend/todo/src/components/todoCard/index.tsx","statementMap":{"0":{"start":{"line":1,"column":0},"end":{"line":1,"column":92}},"1":{"start":{"line":2,"column":0},"end":{"line":2,"column":31}},"2":{"start":{"line":6,"column":19},"end":{"line":12,"column":3}},"3":{"start":{"line":6,"column":48},"end":{"line":12,"column":2}},"4":{"start":{"line":24,"column":33},"end":{"line":73,"column":1}},"5":{"start":{"line":26,"column":21},"end":{"line":26,"column":51}},"6":{"start":{"line":27,"column":27},"end":{"line":27,"column":57}},"7":{"start":{"line":29,"column":4},"end":{"line":72,"column":null}},"8":{"start":{"line":33,"column":45},"end":{"line":33,"column":61}},"9":{"start":{"line":44,"column":52},"end":{"line":44,"column":69}},"10":{"start":{"line":53,"column":50},"end":{"line":53,"column":163}},"11":{"start":{"line":53,"column":96},"end":{"line":53,"column":163}},"12":{"start":{"line":57,"column":50},"end":{"line":57,"column":67}},"13":{"start":{"line":65,"column":66},"end":{"line":65,"column":81}},"14":{"start":{"line":24,"column":13},"end":{"line":24,"column":33}}},"fnMap":{"0":{"name":"(anonymous_0)","decl":{"start":{"line":6,"column":32},"end":{"line":6,"column":33}},"loc":{"start":{"line":6,"column":48},"end":{"line":12,"column":2}}},"1":{"name":"(anonymous_1)","decl":{"start":{"line":24,"column":33},"end":{"line":24,"column":34}},"loc":{"start":{"line":24,"column":146},"end":{"line":73,"column":1}}},"2":{"name":"(anonymous_2)","decl":{"start":{"line":33,"column":40},"end":{"line":33,"column":42}},"loc":{"start":{"line":33,"column":44},"end":{"line":33,"column":61}}},"3":{"name":"(anonymous_3)","decl":{"start":{"line":44,"column":47},"end":{"line":44,"column":49}},"loc":{"start":{"line":44,"column":51},"end":{"line":44,"column":69}}},"4":{"name":"(anonymous_4)","decl":{"start":{"line":53,"column":45},"end":{"line":53,"column":47}},"loc":{"start":{"line":53,"column":49},"end":{"line":53,"column":163}}},"5":{"name":"(anonymous_5)","decl":{"start":{"line":57,"column":45},"end":{"line":57,"column":47}},"loc":{"start":{"line":57,"column":49},"end":{"line":57,"column":67}}},"6":{"name":"(anonymous_6)","decl":{"start":{"line":65,"column":61},"end":{"line":65,"column":63}},"loc":{"start":{"line":65,"column":65},"end":{"line":65,"column":81}}}},"branchMap":{"0":{"loc":{"start":{"line":36,"column":21},"end":{"line":59,"column":null}},"type":"cond-expr","locations":[{"start":{"line":37,"column":24},"end":{"line":46,"column":null}},{"start":{"line":49,"column":24},"end":{"line":59,"column":null}}]},"1":{"loc":{"start":{"line":38,"column":81},"end":{"line":38,"column":114}},"type":"cond-expr","locations":[{"start":{"line":38,"column":91},"end":{"line":38,"column":105}},{"start":{"line":38,"column":108},"end":{"line":38,"column":114}}]},"2":{"loc":{"start":{"line":38,"column":123},"end":{"line":38,"column":154}},"type":"cond-expr","locations":[{"start":{"line":38,"column":133},"end":{"line":38,"column":144}},{"start":{"line":38,"column":147},"end":{"line":38,"column":154}}]},"3":{"loc":{"start":{"line":41,"column":84},"end":{"line":41,"column":117}},"type":"cond-expr","locations":[{"start":{"line":41,"column":94},"end":{"line":41,"column":108}},{"start":{"line":41,"column":111},"end":{"line":41,"column":117}}]},"4":{"loc":{"start":{"line":41,"column":126},"end":{"line":41,"column":157}},"type":"cond-expr","locations":[{"start":{"line":41,"column":136},"end":{"line":41,"column":147}},{"start":{"line":41,"column":150},"end":{"line":41,"column":157}}]},"5":{"loc":{"start":{"line":53,"column":50},"end":{"line":53,"column":163}},"type":"if","locations":[{"start":{"line":53,"column":50},"end":{"line":53,"column":163}}]},"6":{"loc":{"start":{"line":53,"column":53},"end":{"line":53,"column":95}},"type":"binary-expr","locations":[{"start":{"line":53,"column":53},"end":{"line":53,"column":69}},{"start":{"line":53,"column":73},"end":{"line":53,"column":95}}]},"7":{"loc":{"start":{"line":63,"column":17},"end":{"line":67,"column":null}},"type":"binary-expr","locations":[{"start":{"line":63,"column":17},"end":{"line":63,"column":27}},{"start":{"line":64,"column":20},"end":{"line":67,"column":null}}]}},"s":{"0":1,"1":1,"2":1,"3":10,"4":1,"5":10,"6":10,"7":10,"8":1,"9":0,"10":0,"11":0,"12":0,"13":0,"14":1},"f":{"0":10,"1":10,"2":1,"3":0,"4":0,"5":0,"6":0},"b":{"0":[10,0],"1":[5,5],"2":[5,5],"3":[5,5],"4":[5,5],"5":[0],"6":[0,0],"7":[10,10]}}
,"/home/in01-ntb-103/Todo/frontend/todo/src/dummydata/index.ts": {"path":"/home/in01-ntb-103/Todo/frontend/todo/src/dummydata/index.ts","statementMap":{"0":{"start":{"line":3,"column":13},"end":{"line":34,"column":null}}},"fnMap":{},"branchMap":{},"s":{"0":1},"f":{},"b":{}}
,"/home/in01-ntb-103/Todo/frontend/todo/src/pages/todo/index.tsx": {"path":"/home/in01-ntb-103/Todo/frontend/todo/src/pages/todo/index.tsx","statementMap":{"0":{"start":{"line":1,"column":0},"end":{"line":1,"column":45}},"1":{"start":{"line":2,"column":0},"end":{"line":2,"column":46}},"2":{"start":{"line":3,"column":0},"end":{"line":3,"column":48}},"3":{"start":{"line":4,"column":0},"end":{"line":4,"column":62}},"4":{"start":{"line":7,"column":19},"end":{"line":11,"column":3}},"5":{"start":{"line":7,"column":40},"end":{"line":11,"column":2}},"6":{"start":{"line":13,"column":14},"end":{"line":15,"column":3}},"7":{"start":{"line":13,"column":42},"end":{"line":15,"column":2}},"8":{"start":{"line":19,"column":24},"end":{"line":78,"column":1}},"9":{"start":{"line":21,"column":36},"end":{"line":21,"column":59}},"10":{"start":{"line":22,"column":38},"end":{"line":22,"column":50}},"11":{"start":{"line":24,"column":24},"end":{"line":29,"column":18}},"12":{"start":{"line":25,"column":29},"end":{"line":25,"column":37}},"13":{"start":{"line":26,"column":22},"end":{"line":26,"column":61}},"14":{"start":{"line":26,"column":50},"end":{"line":26,"column":60}},"15":{"start":{"line":27,"column":8},"end":{"line":27,"column":null}},"16":{"start":{"line":28,"column":8},"end":{"line":28,"column":null}},"17":{"start":{"line":31,"column":23},"end":{"line":35,"column":18}},"18":{"start":{"line":32,"column":27},"end":{"line":32,"column":35}},"19":{"start":{"line":33,"column":8},"end":{"line":33,"column":null}},"20":{"start":{"line":33,"column":49},"end":{"line":33,"column":60}},"21":{"start":{"line":34,"column":8},"end":{"line":34,"column":null}},"22":{"start":{"line":37,"column":21},"end":{"line":44,"column":18}},"23":{"start":{"line":38,"column":29},"end":{"line":38,"column":37}},"24":{"start":{"line":39,"column":22},"end":{"line":39,"column":61}},"25":{"start":{"line":39,"column":50},"end":{"line":39,"column":60}},"26":{"start":{"line":40,"column":8},"end":{"line":40,"column":null}},"27":{"start":{"line":41,"column":8},"end":{"line":41,"column":null}},"28":{"start":{"line":42,"column":8},"end":{"line":42,"column":null}},"29":{"start":{"line":43,"column":8},"end":{"line":43,"column":null}},"30":{"start":{"line":46,"column":4},"end":{"line":77,"column":null}},"31":{"start":{"line":54,"column":47},"end":{"line":54,"column":66}},"32":{"start":{"line":55,"column":28},"end":{"line":57,"column":null}},"33":{"start":{"line":68,"column":47},"end":{"line":68,"column":65}},"34":{"start":{"line":69,"column":28},"end":{"line":71,"column":null}},"35":{"start":{"line":19,"column":13},"end":{"line":19,"column":24}}},"fnMap":{"0":{"name":"(anonymous_0)","decl":{"start":{"line":7,"column":33},"end":{"line":7,"column":36}},"loc":{"start":{"line":7,"column":40},"end":{"line":11,"column":2}}},"1":{"name":"(anonymous_1)","decl":{"start":{"line":13,"column":28},"end":{"line":13,"column":29}},"loc":{"start":{"line":13,"column":42},"end":{"line":15,"column":2}}},"2":{"name":"(anonymous_2)","decl":{"start":{"line":19,"column":24},"end":{"line":19,"column":27}},"loc":{"start":{"line":19,"column":29},"end":{"line":78,"column":1}}},"3":{"name":"(anonymous_3)","decl":{"start":{"line":24,"column":36},"end":{"line":24,"column":37}},"loc":{"start":{"line":24,"column":51},"end":{"line":29,"column":5}}},"4":{"name":"(anonymous_4)","decl":{"start":{"line":26,"column":45},"end":{"line":26,"column":46}},"loc":{"start":{"line":26,"column":50},"end":{"line":26,"column":60}}},"5":{"name":"(anonymous_5)","decl":{"start":{"line":31,"column":35},"end":{"line":31,"column":36}},"loc":{"start":{"line":31,"column":50},"end":{"line":35,"column":5}}},"6":{"name":"(anonymous_6)","decl":{"start":{"line":33,"column":43},"end":{"line":33,"column":45}},"loc":{"start":{"line":33,"column":49},"end":{"line":33,"column":60}}},"7":{"name":"(anonymous_7)","decl":{"start":{"line":37,"column":33},"end":{"line":37,"column":34}},"loc":{"start":{"line":37,"column":84},"end":{"line":44,"column":5}}},"8":{"name":"(anonymous_8)","decl":{"start":{"line":39,"column":45},"end":{"line":39,"column":46}},"loc":{"start":{"line":39,"column":50},"end":{"line":39,"column":60}}},"9":{"name":"(anonymous_9)","decl":{"start":{"line":54,"column":41},"end":{"line":54,"column":43}},"loc":{"start":{"line":54,"column":47},"end":{"line":54,"column":66}}},"10":{"name":"(anonymous_10)","decl":{"start":{"line":54,"column":72},"end":{"line":54,"column":73}},"loc":{"start":{"line":54,"column":78},"end":{"line":58,"column":25}}},"11":{"name":"(anonymous_11)","decl":{"start":{"line":68,"column":41},"end":{"line":68,"column":43}},"loc":{"start":{"line":68,"column":47},"end":{"line":68,"column":65}}},"12":{"name":"(anonymous_12)","decl":{"start":{"line":68,"column":71},"end":{"line":68,"column":72}},"loc":{"start":{"line":68,"column":77},"end":{"line":72,"column":25}}}},"branchMap":{},"s":{"0":1,"1":1,"2":1,"3":1,"4":1,"5":4,"6":1,"7":4,"8":1,"9":2,"10":2,"11":2,"12":1,"13":1,"14":1,"15":1,"16":1,"17":2,"18":0,"19":0,"20":0,"21":0,"22":2,"23":0,"24":0,"25":0,"26":0,"27":0,"28":0,"29":0,"30":2,"31":10,"32":5,"33":10,"34":5,"35":1},"f":{"0":4,"1":4,"2":2,"3":1,"4":1,"5":0,"6":0,"7":0,"8":0,"9":10,"10":5,"11":10,"12":5},"b":{}}
}
