TN:
SF:src/components/todoCard/index.tsx
FN:6,(anonymous_0)
FN:24,(anonymous_1)
FN:33,(anonymous_2)
FN:44,(anonymous_3)
FN:53,(anonymous_4)
FN:57,(anonymous_5)
FN:65,(anonymous_6)
FNF:7
FNH:3
FNDA:10,(anonymous_0)
FNDA:10,(anonymous_1)
FNDA:1,(anonymous_2)
FNDA:0,(anonymous_3)
FNDA:0,(anonymous_4)
FNDA:0,(anonymous_5)
FNDA:0,(anonymous_6)
DA:1,1
DA:2,1
DA:6,10
DA:24,1
DA:26,10
DA:27,10
DA:29,10
DA:33,1
DA:44,0
DA:53,0
DA:57,0
DA:65,0
LF:12
LH:8
BRDA:36,0,0,10
BRDA:36,0,1,0
BRDA:38,1,0,5
BRDA:38,1,1,5
BRDA:38,2,0,5
BRDA:38,2,1,5
BRDA:41,3,0,5
BRDA:41,3,1,5
BRDA:41,4,0,5
BRDA:41,4,1,5
BRDA:53,5,0,0
BRDA:53,6,0,0
BRDA:53,6,1,0
BRDA:63,7,0,10
BRDA:63,7,1,10
BRF:15
BRH:11
end_of_record
TN:
SF:src/dummydata/index.ts
FNF:0
FNH:0
DA:3,1
LF:1
LH:1
BRF:0
BRH:0
end_of_record
TN:
SF:src/pages/todo/index.tsx
FN:7,(anonymous_0)
FN:13,(anonymous_1)
FN:19,(anonymous_2)
FN:24,(anonymous_3)
FN:26,(anonymous_4)
FN:31,(anonymous_5)
FN:33,(anonymous_6)
FN:37,(anonymous_7)
FN:39,(anonymous_8)
FN:54,(anonymous_9)
FN:54,(anonymous_10)
FN:68,(anonymous_11)
FN:68,(anonymous_12)
FNF:13
FNH:9
FNDA:4,(anonymous_0)
FNDA:4,(anonymous_1)
FNDA:2,(anonymous_2)
FNDA:1,(anonymous_3)
FNDA:1,(anonymous_4)
FNDA:0,(anonymous_5)
FNDA:0,(anonymous_6)
FNDA:0,(anonymous_7)
FNDA:0,(anonymous_8)
FNDA:10,(anonymous_9)
FNDA:5,(anonymous_10)
FNDA:10,(anonymous_11)
FNDA:5,(anonymous_12)
DA:1,1
DA:2,1
DA:3,1
DA:4,1
DA:7,4
DA:13,4
DA:19,1
DA:21,2
DA:22,2
DA:24,2
DA:25,1
DA:26,1
DA:27,1
DA:28,1
DA:31,2
DA:32,0
DA:33,0
DA:34,0
DA:37,2
DA:38,0
DA:39,0
DA:40,0
DA:41,0
DA:42,0
DA:43,0
DA:46,2
DA:54,10
DA:55,5
DA:68,10
DA:69,5
LF:30
LH:21
BRF:0
BRH:0
end_of_record
